{
  "0 debug pnpm:scope": {
    "selected": 1
  },
  "1 error pnpm": {
    "errno": 1,
    "code": "ELIFECYCLE",
    "pkgid": "hubspot-coding-exercise@1.0.0",
    "stage": "start",
    "script": "node dist/app.js",
    "pkgname": "hubspot-coding-exercise",
    "err": {
      "name": "pnpm",
      "message": "hubspot-coding-exercise@1.0.0 start: `node dist/app.js`\nExit status 1",
      "code": "ELIFECYCLE",
      "stack": "pnpm: hubspot-coding-exercise@1.0.0 start: `node dist/app.js`\nExit status 1\n    at EventEmitter.<anonymous> (/Users/jscott/.nvm/versions/node/v16.14.2/lib/node_modules/pnpm/dist/pnpm.cjs:105724:20)\n    at EventEmitter.emit (node:events:526:28)\n    at ChildProcess.<anonymous> (/Users/jscott/.nvm/versions/node/v16.14.2/lib/node_modules/pnpm/dist/pnpm.cjs:92285:18)\n    at ChildProcess.emit (node:events:526:28)\n    at maybeClose (node:internal/child_process:1092:16)\n    at Process.ChildProcess._handle.onexit (node:internal/child_process:302:5)"
    }
  },
  "2 warn pnpm:global": " Local package.json exists, but node_modules missing, did you mean to install?"
}